TN:
SF:src/gendiff.js
FN:4,resultTree
FNF:1
FNH:1
FNDA:1,resultTree
DA:1,1
DA:2,1
DA:3,1
DA:4,1
DA:5,1
DA:6,1
DA:7,1
DA:8,1
DA:9,5
DA:10,5
DA:11,5
DA:12,5
DA:13,5
DA:14,5
DA:15,1
DA:16,1
DA:17,1
DA:18,1
DA:19,1
DA:20,1
DA:21,1
DA:22,1
DA:23,1
LF:23
LH:23
BRDA:4,0,0,1
BRDA:8,1,0,5
BRDA:10,2,0,1
BRDA:11,3,0,2
BRDA:12,4,0,1
BRDA:13,5,0,1
BRF:6
BRH:6
end_of_record
TN:
SF:src/index.js
FN:6,getPath
FN:7,getFormat
FN:9,genDiff
FNF:3
FNH:3
FNDA:2,getPath
FNDA:2,getFormat
FNDA:1,genDiff
DA:1,1
DA:2,1
DA:3,1
DA:4,1
DA:5,1
DA:6,1
DA:7,1
DA:8,1
DA:9,1
DA:10,1
DA:11,1
DA:12,1
DA:13,1
DA:14,1
DA:15,1
DA:16,1
DA:17,1
DA:18,1
DA:19,1
DA:20,1
DA:21,1
DA:22,1
DA:23,1
DA:24,1
DA:25,1
DA:26,1
DA:27,1
LF:27
LH:27
BRDA:6,0,0,2
BRDA:7,1,0,2
BRDA:9,2,0,1
BRF:3
BRH:3
end_of_record
TN:
SF:src/parser.js
FN:2,parse
FNF:1
FNH:1
FNDA:3,parse
DA:1,1
DA:2,1
DA:3,3
DA:4,3
DA:5,3
DA:6,3
DA:7,3
DA:8,3
DA:9,1
LF:9
LH:9
BRDA:2,0,0,3
BRDA:5,1,0,2
BRDA:6,2,0,1
BRF:3
BRH:3
end_of_record
TN:
SF:src/usages.js
FN:3,differenceTree
FNF:1
FNH:1
FNDA:1,differenceTree
DA:1,1
DA:2,1
DA:3,1
DA:4,1
DA:5,1
DA:6,1
DA:7,1
DA:8,1
DA:9,1
DA:10,1
DA:11,5
DA:12,5
DA:13,5
DA:14,5
DA:15,5
DA:16,1
DA:17,1
DA:18,5
DA:19,2
DA:20,2
DA:21,5
DA:22,1
DA:23,1
DA:24,1
DA:25,1
DA:26,1
DA:27,1
DA:28,1
DA:29,1
LF:29
LH:29
BRDA:3,0,0,1
BRDA:10,1,0,5
BRDA:15,2,0,1
BRDA:17,3,0,4
BRDA:18,4,0,2
BRDA:21,5,0,1
BRF:6
BRH:6
end_of_record
